<?xml version="1.0" encoding="UTF-8" ?>
<testsuite failures="0" time="62.284" errors="2" skipped="0" tests="8" name="com.softcrylic.test.automation.SeqExec">
  <properties>
[...]
</properties>
  <testcase time="0" classname="Given I want to know the weather forecast for coming days   " name="Given I want to know the weather forecast for coming days   "/>
  <testcase time="0" classname="When I search for New York    " name="When I search for New York    "/>
  <testcase time="0" classname="Then I should be able to get a weather forecast for New York     " name="Then I should be able to get a weather forecast for New York     "/>
  <testcase time="5.482" classname="Scenario: Locate New York  " name="Scenario: Locate New York  "/>
  <testcase time="0" classname="Given I want to know the weather forecast for coming days        " name="Given I want to know the weather forecast for coming days        "/>
  <testcase time="0" classname="When I search for Stockholm         " name="When I search for Stockholm         "/>
  <testcase time="0.021" classname="Then I should be able to get a weather forecast for Stockholm          " name="Then I should be able to get a weather forecast for Stockholm          ">
    <error message="Can&apos;t invoke com.softcrylic.test.automation.step_definations.SearchStepDefinitions.assertTheSearchResult(String) in file:/Users/sundarsritharan/git/bdd_seq/target/test-classes/" type="cucumber.runtime.CucumberException">cucumber.runtime.CucumberException: Can&apos;t invoke com.softcrylic.test.automation.step_definations.SearchStepDefinitions.assertTheSearchResult(String) in file:/Users/sundarsritharan/git/bdd_seq/target/test-classes/
	at cucumber.runtime.Utils.invoke(Utils.java:38)
	at cucumber.runtime.java.JavaStepDefinition.execute(JavaStepDefinition.java:30)
	at cucumber.runtime.StepDefinitionMatch.runStep(StepDefinitionMatch.java:45)
	at cucumber.runtime.Runtime.runStep(Runtime.java:248)
	at cucumber.runtime.model.StepContainer.runStep(StepContainer.java:44)
	at cucumber.runtime.model.StepContainer.runSteps(StepContainer.java:39)
	at cucumber.runtime.model.CucumberScenario.run(CucumberScenario.java:36)
	at cucumber.junit.ExecutionUnitRunner.run(ExecutionUnitRunner.java:76)
	at cucumber.junit.FeatureRunner.runChild(FeatureRunner.java:65)
	at cucumber.junit.FeatureRunner.runChild(FeatureRunner.java:20)
	at org.junit.runners.ParentRunner$3.run(ParentRunner.java:231)
	at org.junit.runners.ParentRunner$1.schedule(ParentRunner.java:60)
	at org.junit.runners.ParentRunner.runChildren(ParentRunner.java:229)
	at org.junit.runners.ParentRunner.access$000(ParentRunner.java:50)
	at org.junit.runners.ParentRunner$2.evaluate(ParentRunner.java:222)
	at org.junit.runners.ParentRunner.run(ParentRunner.java:300)
	at cucumber.junit.FeatureRunner.run(FeatureRunner.java:72)
	at cucumber.junit.Cucumber.runChild(Cucumber.java:76)
	at cucumber.junit.Cucumber.runChild(Cucumber.java:36)
	at org.junit.runners.ParentRunner$3.run(ParentRunner.java:231)
	at org.junit.runners.ParentRunner$1.schedule(ParentRunner.java:60)
	at org.junit.runners.ParentRunner.runChildren(ParentRunner.java:229)
	at org.junit.runners.ParentRunner.access$000(ParentRunner.java:50)
	at org.junit.runners.ParentRunner$2.evaluate(ParentRunner.java:222)
	at org.junit.runners.ParentRunner.run(ParentRunner.java:300)
	at cucumber.junit.Cucumber.run(Cucumber.java:81)
	at org.apache.maven.surefire.junit4.JUnit4Provider.execute(JUnit4Provider.java:234)
	at org.apache.maven.surefire.junit4.JUnit4Provider.executeTestSet(JUnit4Provider.java:133)
	at org.apache.maven.surefire.junit4.JUnit4Provider.invoke(JUnit4Provider.java:114)
	at sun.reflect.NativeMethodAccessorImpl.invoke0(Native Method)
	at sun.reflect.NativeMethodAccessorImpl.invoke(NativeMethodAccessorImpl.java:39)
	at sun.reflect.DelegatingMethodAccessorImpl.invoke(DelegatingMethodAccessorImpl.java:25)
	at java.lang.reflect.Method.invoke(Method.java:597)
	at org.apache.maven.surefire.util.ReflectionUtils.invokeMethodWithArray(ReflectionUtils.java:188)
	at org.apache.maven.surefire.booter.ProviderFactory$ProviderProxy.invoke(ProviderFactory.java:166)
	at org.apache.maven.surefire.booter.ProviderFactory.invokeProvider(ProviderFactory.java:86)
	at org.apache.maven.surefire.booter.ForkedBooter.runSuitesInProcess(ForkedBooter.java:101)
	at org.apache.maven.surefire.booter.ForkedBooter.main(ForkedBooter.java:74)
Caused by: java.lang.IllegalStateException: This is not yr.no: http://www.yr.no/place/Sweden/Stockholm/Stockholm/
	at com.softcrylic.test.automation.pages.LocationPage.&lt;init&gt;(LocationPage.java:14)
	at com.softcrylic.test.automation.pages.SearchResultPage.clickOnTopSearchResultLink(SearchResultPage.java:22)
	at com.softcrylic.test.automation.step_definations.SearchStepDefinitions.assertTheSearchResult(SearchStepDefinitions.java:86)
	at sun.reflect.NativeMethodAccessorImpl.invoke0(Native Method)
	at sun.reflect.NativeMethodAccessorImpl.invoke(NativeMethodAccessorImpl.java:39)
	at sun.reflect.DelegatingMethodAccessorImpl.invoke(DelegatingMethodAccessorImpl.java:25)
	at java.lang.reflect.Method.invoke(Method.java:597)
	at cucumber.runtime.Utils.invoke(Utils.java:34)
	... 37 more
</error>
    <system-out>&amp;#27;[1A    &amp;#27;[32mWhen &amp;#27;[0m&amp;#27;[32mI search for &amp;#27;[0m&amp;#27;[32m&amp;#27;[1mStockholm&amp;#27;[0m                                   &amp;#27;[90m# SearchStepDefinitions.search(String)&amp;#27;[0m
    &amp;#27;[90mThen &amp;#27;[0m&amp;#27;[90mI should be able to get a weather forecast for &amp;#27;[0m&amp;#27;[90m&amp;#27;[1mStockholm&amp;#27;[0m &amp;#27;[90m# SearchStepDefinitions.assertTheSearchResult(String)&amp;#27;[0m
Count is: @assertTheSearchResult 9
</system-out>
  </testcase>
  <testcase time="0.022" classname="Scenario: Locate Stockholm       " name="Scenario: Locate Stockholm       ">
    <error message="Can&apos;t invoke com.softcrylic.test.automation.step_definations.SearchStepDefinitions.assertTheSearchResult(String) in file:/Users/sundarsritharan/git/bdd_seq/target/test-classes/" type="cucumber.runtime.CucumberException">cucumber.runtime.CucumberException: Can&apos;t invoke com.softcrylic.test.automation.step_definations.SearchStepDefinitions.assertTheSearchResult(String) in file:/Users/sundarsritharan/git/bdd_seq/target/test-classes/
	at cucumber.runtime.Utils.invoke(Utils.java:38)
	at cucumber.runtime.java.JavaStepDefinition.execute(JavaStepDefinition.java:30)
	at cucumber.runtime.StepDefinitionMatch.runStep(StepDefinitionMatch.java:45)
	at cucumber.runtime.Runtime.runStep(Runtime.java:248)
	at cucumber.runtime.model.StepContainer.runStep(StepContainer.java:44)
	at cucumber.runtime.model.StepContainer.runSteps(StepContainer.java:39)
	at cucumber.runtime.model.CucumberScenario.run(CucumberScenario.java:36)
	at cucumber.junit.ExecutionUnitRunner.run(ExecutionUnitRunner.java:76)
	at cucumber.junit.FeatureRunner.runChild(FeatureRunner.java:65)
	at cucumber.junit.FeatureRunner.runChild(FeatureRunner.java:20)
	at org.junit.runners.ParentRunner$3.run(ParentRunner.java:231)
	at org.junit.runners.ParentRunner$1.schedule(ParentRunner.java:60)
	at org.junit.runners.ParentRunner.runChildren(ParentRunner.java:229)
	at org.junit.runners.ParentRunner.access$000(ParentRunner.java:50)
	at org.junit.runners.ParentRunner$2.evaluate(ParentRunner.java:222)
	at org.junit.runners.ParentRunner.run(ParentRunner.java:300)
	at cucumber.junit.FeatureRunner.run(FeatureRunner.java:72)
	at cucumber.junit.Cucumber.runChild(Cucumber.java:76)
	at cucumber.junit.Cucumber.runChild(Cucumber.java:36)
	at org.junit.runners.ParentRunner$3.run(ParentRunner.java:231)
	at org.junit.runners.ParentRunner$1.schedule(ParentRunner.java:60)
	at org.junit.runners.ParentRunner.runChildren(ParentRunner.java:229)
	at org.junit.runners.ParentRunner.access$000(ParentRunner.java:50)
	at org.junit.runners.ParentRunner$2.evaluate(ParentRunner.java:222)
	at org.junit.runners.ParentRunner.run(ParentRunner.java:300)
	at cucumber.junit.Cucumber.run(Cucumber.java:81)
	at org.apache.maven.surefire.junit4.JUnit4Provider.execute(JUnit4Provider.java:234)
	at org.apache.maven.surefire.junit4.JUnit4Provider.executeTestSet(JUnit4Provider.java:133)
	at org.apache.maven.surefire.junit4.JUnit4Provider.invoke(JUnit4Provider.java:114)
	at sun.reflect.NativeMethodAccessorImpl.invoke0(Native Method)
	at sun.reflect.NativeMethodAccessorImpl.invoke(NativeMethodAccessorImpl.java:39)
	at sun.reflect.DelegatingMethodAccessorImpl.invoke(DelegatingMethodAccessorImpl.java:25)
	at java.lang.reflect.Method.invoke(Method.java:597)
	at org.apache.maven.surefire.util.ReflectionUtils.invokeMethodWithArray(ReflectionUtils.java:188)
	at org.apache.maven.surefire.booter.ProviderFactory$ProviderProxy.invoke(ProviderFactory.java:166)
	at org.apache.maven.surefire.booter.ProviderFactory.invokeProvider(ProviderFactory.java:86)
	at org.apache.maven.surefire.booter.ForkedBooter.runSuitesInProcess(ForkedBooter.java:101)
	at org.apache.maven.surefire.booter.ForkedBooter.main(ForkedBooter.java:74)
Caused by: java.lang.IllegalStateException: This is not yr.no: http://www.yr.no/place/Sweden/Stockholm/Stockholm/
	at com.softcrylic.test.automation.pages.LocationPage.&lt;init&gt;(LocationPage.java:14)
	at com.softcrylic.test.automation.pages.SearchResultPage.clickOnTopSearchResultLink(SearchResultPage.java:22)
	at com.softcrylic.test.automation.step_definations.SearchStepDefinitions.assertTheSearchResult(SearchStepDefinitions.java:86)
	at sun.reflect.NativeMethodAccessorImpl.invoke0(Native Method)
	at sun.reflect.NativeMethodAccessorImpl.invoke(NativeMethodAccessorImpl.java:39)
	at sun.reflect.DelegatingMethodAccessorImpl.invoke(DelegatingMethodAccessorImpl.java:25)
	at java.lang.reflect.Method.invoke(Method.java:597)
	at cucumber.runtime.Utils.invoke(Utils.java:34)
	... 37 more
</error>
  </testcase>
</testsuite>